[INFO] [2018-11-21 14:11:30][org.springframework.beans.factory.xml.XmlBeanDefinitionReader]Loading XML bean definitions from class path resource [applicationContext.xml]
 [INFO] [2018-11-21 14:11:30][org.springframework.beans.factory.xml.XmlBeanDefinitionReader]Loading XML bean definitions from class path resource [spring-dao.xml]
 [INFO] [2018-11-21 14:11:30][org.springframework.beans.factory.xml.XmlBeanDefinitionReader]Loading XML bean definitions from class path resource [spring-db.xml]
 [INFO] [2018-11-21 14:11:30][org.springframework.beans.factory.xml.XmlBeanDefinitionReader]Loading XML bean definitions from class path resource [spring-db.xml]
 [INFO] [2018-11-21 14:11:30][org.springframework.beans.factory.xml.XmlBeanFactory]Overriding bean definition for bean 'dataSource': replacing [Generic bean: class [org.apache.commons.dbcp.BasicDataSource]; scope=; abstract=false; lazyInit=false; autowireMode=0; dependencyCheck=0; autowireCandidate=true; primary=false; factoryBeanName=null; factoryMethodName=null; initMethodName=null; destroyMethodName=close; defined in class path resource [spring-db.xml]] with [Generic bean: class [org.apache.commons.dbcp.BasicDataSource]; scope=; abstract=false; lazyInit=false; autowireMode=0; dependencyCheck=0; autowireCandidate=true; primary=false; factoryBeanName=null; factoryMethodName=null; initMethodName=null; destroyMethodName=close; defined in class path resource [spring-db.xml]]
 [INFO] [2018-11-21 14:11:30][org.springframework.beans.factory.xml.XmlBeanFactory]Overriding bean definition for bean 'sqlSessionFactory': replacing [Generic bean: class [org.mybatis.spring.SqlSessionFactoryBean]; scope=; abstract=false; lazyInit=false; autowireMode=0; dependencyCheck=0; autowireCandidate=true; primary=false; factoryBeanName=null; factoryMethodName=null; initMethodName=null; destroyMethodName=null; defined in class path resource [spring-db.xml]] with [Generic bean: class [org.mybatis.spring.SqlSessionFactoryBean]; scope=; abstract=false; lazyInit=false; autowireMode=0; dependencyCheck=0; autowireCandidate=true; primary=false; factoryBeanName=null; factoryMethodName=null; initMethodName=null; destroyMethodName=null; defined in class path resource [spring-db.xml]]
 [INFO] [2018-11-21 14:11:30][org.springframework.beans.factory.xml.XmlBeanDefinitionReader]Loading XML bean definitions from class path resource [spring-tx.xml]
 [INFO] [2018-11-21 14:18:08][org.springframework.beans.factory.xml.XmlBeanDefinitionReader]Loading XML bean definitions from class path resource [applicationContext.xml]
 [INFO] [2018-11-21 14:20:49][org.springframework.context.support.ClassPathXmlApplicationContext]Refreshing org.springframework.context.support.ClassPathXmlApplicationContext@233c0b17: startup date [Wed Nov 21 14:20:49 CST 2018]; root of context hierarchy
 [INFO] [2018-11-21 14:20:49][org.springframework.beans.factory.xml.XmlBeanDefinitionReader]Loading XML bean definitions from class path resource [applicationContext-test.xml]
 [INFO] [2018-11-21 16:20:37][org.springframework.context.support.ClassPathXmlApplicationContext]Refreshing org.springframework.context.support.ClassPathXmlApplicationContext@7dc222ae: startup date [Wed Nov 21 16:20:37 CST 2018]; root of context hierarchy
 [INFO] [2018-11-21 16:20:37][org.springframework.beans.factory.xml.XmlBeanDefinitionReader]Loading XML bean definitions from class path resource [applicationContext-test.xml]
 [INFO] [2018-11-23 15:12:16][org.springframework.context.annotation.AnnotationConfigApplicationContext]Refreshing org.springframework.context.annotation.AnnotationConfigApplicationContext@16c0663d: startup date [Fri Nov 23 15:12:16 CST 2018]; root of context hierarchy
[INFO] [2018-11-23 15:12:16][org.springframework.beans.factory.annotation.AutowiredAnnotationBeanPostProcessor]JSR-330 'javax.inject.Inject' annotation found and supported for autowiring
[INFO] [2018-11-23 15:14:05][org.springframework.context.annotation.AnnotationConfigApplicationContext]Refreshing org.springframework.context.annotation.AnnotationConfigApplicationContext@16c0663d: startup date [Fri Nov 23 15:14:05 CST 2018]; root of context hierarchy
[INFO] [2018-11-23 15:14:06][org.springframework.beans.factory.annotation.AutowiredAnnotationBeanPostProcessor]JSR-330 'javax.inject.Inject' annotation found and supported for autowiring
[INFO] [2018-11-23 15:14:51][org.springframework.context.annotation.AnnotationConfigApplicationContext]Refreshing org.springframework.context.annotation.AnnotationConfigApplicationContext@16c0663d: startup date [Fri Nov 23 15:14:51 CST 2018]; root of context hierarchy
[INFO] [2018-11-23 15:14:51][org.springframework.beans.factory.annotation.AutowiredAnnotationBeanPostProcessor]JSR-330 'javax.inject.Inject' annotation found and supported for autowiring
[INFO] [2018-11-23 15:17:38][org.springframework.context.annotation.AnnotationConfigApplicationContext]Refreshing org.springframework.context.annotation.AnnotationConfigApplicationContext@16c0663d: startup date [Fri Nov 23 15:17:38 CST 2018]; root of context hierarchy
[INFO] [2018-11-23 15:17:38][org.springframework.beans.factory.annotation.AutowiredAnnotationBeanPostProcessor]JSR-330 'javax.inject.Inject' annotation found and supported for autowiring
[INFO] [2018-11-23 15:17:39][com.lwj.aop.LogAop]aop start
[INFO] [2018-11-23 15:17:39][com.lwj.aop.LogAop]aop end
[INFO] [2018-11-23 15:17:39][com.lwj.aop.LogAop]aop end return
[INFO] [2018-11-23 15:18:15][org.springframework.context.annotation.AnnotationConfigApplicationContext]Refreshing org.springframework.context.annotation.AnnotationConfigApplicationContext@16c0663d: startup date [Fri Nov 23 15:18:15 CST 2018]; root of context hierarchy
[INFO] [2018-11-23 15:18:15][org.springframework.beans.factory.annotation.AutowiredAnnotationBeanPostProcessor]JSR-330 'javax.inject.Inject' annotation found and supported for autowiring
[INFO] [2018-11-23 15:18:16][com.lwj.aop.LogAop]aop start
[INFO] [2018-11-23 15:18:16][com.lwj.aop.LogAop]aop end
[INFO] [2018-11-23 15:18:16][com.lwj.aop.LogAop]aop end return
[INFO] [2018-11-23 15:24:56][org.springframework.context.annotation.AnnotationConfigApplicationContext]Refreshing org.springframework.context.annotation.AnnotationConfigApplicationContext@16c0663d: startup date [Fri Nov 23 15:24:56 CST 2018]; root of context hierarchy
[INFO] [2018-11-23 15:24:56][org.springframework.beans.factory.annotation.AutowiredAnnotationBeanPostProcessor]JSR-330 'javax.inject.Inject' annotation found and supported for autowiring
[INFO] [2018-11-23 15:24:57][com.lwj.aop.LogAop]aop startdiv方法开始执行,方法参数是[1, 1]
[INFO] [2018-11-23 15:24:57][com.lwj.aop.LogAop]aop enddiv方法结束
[INFO] [2018-11-23 15:24:57][com.lwj.aop.LogAop]aop div end return1
[INFO] [2018-11-23 15:25:27][org.springframework.context.annotation.AnnotationConfigApplicationContext]Refreshing org.springframework.context.annotation.AnnotationConfigApplicationContext@16c0663d: startup date [Fri Nov 23 15:25:27 CST 2018]; root of context hierarchy
[INFO] [2018-11-23 15:25:27][org.springframework.beans.factory.annotation.AutowiredAnnotationBeanPostProcessor]JSR-330 'javax.inject.Inject' annotation found and supported for autowiring
[INFO] [2018-11-23 15:25:28][com.lwj.aop.LogAop]aop startdiv方法开始执行,方法参数是[1, 0]
[INFO] [2018-11-23 15:25:28][com.lwj.aop.LogAop]aop enddiv方法结束
[ERROR] [2018-11-23 15:25:28][com.lwj.aop.LogAop]aop div endThorwingjava.lang.ArithmeticException: / by zero
[INFO] [2018-11-23 16:10:04][org.springframework.context.annotation.AnnotationConfigApplicationContext]Refreshing org.springframework.context.annotation.AnnotationConfigApplicationContext@16c0663d: startup date [Fri Nov 23 16:10:04 CST 2018]; root of context hierarchy
[INFO] [2018-11-23 16:10:04][org.springframework.beans.factory.annotation.AutowiredAnnotationBeanPostProcessor]JSR-330 'javax.inject.Inject' annotation found and supported for autowiring
[INFO] [2018-11-23 16:10:05][com.lwj.aop.LogAop]aop startdiv方法开始执行,方法参数是[1, 0]
[INFO] [2018-11-23 16:10:05][com.lwj.aop.LogAop]aop enddiv方法结束
[ERROR] [2018-11-23 16:10:05][com.lwj.aop.LogAop]aop div endThorwingjava.lang.ArithmeticException: / by zero
[INFO] [2018-11-23 16:10:21][org.springframework.context.annotation.AnnotationConfigApplicationContext]Refreshing org.springframework.context.annotation.AnnotationConfigApplicationContext@16c0663d: startup date [Fri Nov 23 16:10:21 CST 2018]; root of context hierarchy
[INFO] [2018-11-23 16:10:21][org.springframework.beans.factory.annotation.AutowiredAnnotationBeanPostProcessor]JSR-330 'javax.inject.Inject' annotation found and supported for autowiring
[INFO] [2018-11-23 16:10:22][com.lwj.aop.LogAop]aop startdiv方法开始执行,方法参数是[1, 1]
[INFO] [2018-11-23 16:10:22][com.lwj.aop.LogAop]aop enddiv方法结束
[INFO] [2018-11-23 16:10:22][com.lwj.aop.LogAop]aop div end return1
[INFO] [2018-11-23 16:11:12][org.springframework.context.annotation.AnnotationConfigApplicationContext]Refreshing org.springframework.context.annotation.AnnotationConfigApplicationContext@16c0663d: startup date [Fri Nov 23 16:11:12 CST 2018]; root of context hierarchy
[INFO] [2018-11-23 16:11:12][org.springframework.beans.factory.annotation.AutowiredAnnotationBeanPostProcessor]JSR-330 'javax.inject.Inject' annotation found and supported for autowiring
[INFO] [2018-11-23 16:11:13][com.lwj.aop.LogAop]aop startdiv方法开始执行,方法参数是[1, 1]
[INFO] [2018-11-23 16:11:13][com.lwj.aop.LogAop]aop enddiv方法结束
[INFO] [2018-11-23 16:11:13][com.lwj.aop.LogAop]aop div end return1
[INFO] [2018-11-23 16:20:29][org.springframework.context.annotation.AnnotationConfigApplicationContext]Refreshing org.springframework.context.annotation.AnnotationConfigApplicationContext@16c0663d: startup date [Fri Nov 23 16:20:29 CST 2018]; root of context hierarchy
[INFO] [2018-11-23 16:20:29][org.springframework.beans.factory.annotation.AutowiredAnnotationBeanPostProcessor]JSR-330 'javax.inject.Inject' annotation found and supported for autowiring
[INFO] [2018-11-23 16:20:30][com.lwj.aop.LogAop]aop startdiv方法开始执行,方法参数是[1, 1]
[INFO] [2018-11-23 16:20:30][com.lwj.aop.LogAop]aop enddiv方法结束
[INFO] [2018-11-23 16:20:30][com.lwj.aop.LogAop]aop div end return1
[INFO] [2018-11-23 16:57:04][org.springframework.context.annotation.AnnotationConfigApplicationContext]Refreshing org.springframework.context.annotation.AnnotationConfigApplicationContext@16c0663d: startup date [Fri Nov 23 16:57:04 CST 2018]; root of context hierarchy
[INFO] [2018-11-23 16:57:04][org.springframework.beans.factory.annotation.AutowiredAnnotationBeanPostProcessor]JSR-330 'javax.inject.Inject' annotation found and supported for autowiring
[INFO] [2018-11-23 16:57:05][com.lwj.aop.LogAop]aop startdiv方法开始执行,方法参数是[1, 1]
[INFO] [2018-11-23 16:57:05][com.lwj.aop.LogAop]aop enddiv方法结束
[INFO] [2018-11-23 16:57:05][com.lwj.aop.LogAop]aop div end return1
[INFO] [2018-11-23 16:57:55][org.springframework.context.annotation.AnnotationConfigApplicationContext]Refreshing org.springframework.context.annotation.AnnotationConfigApplicationContext@16c0663d: startup date [Fri Nov 23 16:57:55 CST 2018]; root of context hierarchy
[INFO] [2018-11-23 16:57:55][org.springframework.beans.factory.annotation.AutowiredAnnotationBeanPostProcessor]JSR-330 'javax.inject.Inject' annotation found and supported for autowiring
[INFO] [2018-11-23 16:57:56][com.lwj.aop.LogAop]aop start div 方法开始执行,方法参数是[1, 1]
[INFO] [2018-11-23 16:57:56][com.lwj.aop.LogAop]aop end div 方法结束
[INFO] [2018-11-23 16:57:56][com.lwj.aop.LogAop]aop div end return 1
[INFO] [2018-11-26 09:32:05][org.springframework.context.annotation.AnnotationConfigApplicationContext]Refreshing org.springframework.context.annotation.AnnotationConfigApplicationContext@16c0663d: startup date [Mon Nov 26 09:32:05 CST 2018]; root of context hierarchy
[INFO] [2018-11-26 09:32:05][org.springframework.beans.factory.annotation.AutowiredAnnotationBeanPostProcessor]JSR-330 'javax.inject.Inject' annotation found and supported for autowiring
[INFO] [2018-11-26 09:32:06][com.lwj.aop.LogAop]aop start div 方法开始执行,方法参数是[1, 1]
[INFO] [2018-11-26 09:32:06][com.lwj.aop.LogAop]aop end div 方法结束
[INFO] [2018-11-26 09:32:06][com.lwj.aop.LogAop]aop div end return 1
[INFO] [2018-11-26 09:39:28][org.springframework.context.annotation.AnnotationConfigApplicationContext]Refreshing org.springframework.context.annotation.AnnotationConfigApplicationContext@16c0663d: startup date [Mon Nov 26 09:39:28 CST 2018]; root of context hierarchy
[INFO] [2018-11-26 09:39:29][org.springframework.beans.factory.annotation.AutowiredAnnotationBeanPostProcessor]JSR-330 'javax.inject.Inject' annotation found and supported for autowiring
[INFO] [2018-11-26 09:39:29][com.lwj.aop.LogAop]aop start div 方法开始执行,方法参数是[1, 1]
[INFO] [2018-11-26 09:39:29][com.lwj.aop.LogAop]aop end div 方法结束
[INFO] [2018-11-26 09:39:29][com.lwj.aop.LogAop]aop div end return 1
[INFO] [2018-11-26 09:40:53][org.springframework.context.annotation.AnnotationConfigApplicationContext]Refreshing org.springframework.context.annotation.AnnotationConfigApplicationContext@16c0663d: startup date [Mon Nov 26 09:40:53 CST 2018]; root of context hierarchy
[INFO] [2018-11-26 09:40:53][org.springframework.beans.factory.annotation.AutowiredAnnotationBeanPostProcessor]JSR-330 'javax.inject.Inject' annotation found and supported for autowiring
[INFO] [2018-11-26 09:40:53][com.lwj.aop.LogAop]aop start div 方法开始执行,方法参数是[1, 1]
[INFO] [2018-11-26 09:40:53][com.lwj.aop.LogAop]aop end div 方法结束
[INFO] [2018-11-26 09:40:53][com.lwj.aop.LogAop]aop div end return 1
[INFO] [2018-11-26 09:42:25][org.springframework.context.annotation.AnnotationConfigApplicationContext]Refreshing org.springframework.context.annotation.AnnotationConfigApplicationContext@16c0663d: startup date [Mon Nov 26 09:42:25 CST 2018]; root of context hierarchy
[INFO] [2018-11-26 09:42:25][org.springframework.beans.factory.annotation.AutowiredAnnotationBeanPostProcessor]JSR-330 'javax.inject.Inject' annotation found and supported for autowiring
[INFO] [2018-11-26 09:42:26][com.lwj.aop.LogAop]aop start div 方法开始执行,方法参数是[1, 1]
[INFO] [2018-11-26 09:42:26][com.lwj.aop.LogAop]aop end div 方法结束
[INFO] [2018-11-26 09:42:26][com.lwj.aop.LogAop]aop div end return 1
